<?xml version="1.0" encoding="UTF-8"?>
<testng-results skipped="0" failed="0" ignored="0" total="3" passed="3">
  <reporter-output>
  </reporter-output>
  <suite name="softwaretestingmaterial" duration-ms="283619" started-at="2020-04-07T00:55:08Z" finished-at="2020-04-07T00:59:51Z">
    <groups>
    </groups>
    <test name="BaseTest" duration-ms="283619" started-at="2020-04-07T00:55:08Z" finished-at="2020-04-07T00:59:51Z">
      <class name="com.qa.PageTest.TestBlogPage">
        <test-method status="PASS" signature="setExtentReport()[pri:0, instance:com.qa.PageTest.TestBlogPage@5e5792a0]" name="setExtentReport" is-config="true" duration-ms="30" started-at="2020-04-07T00:55:08Z" finished-at="2020-04-07T00:55:08Z">
          <reporter-output>
          </reporter-output>
        </test-method> <!-- setExtentReport -->
        <test-method status="PASS" signature="setUp()[pri:0, instance:com.qa.PageTest.TestBlogPage@5e5792a0]" name="setUp" is-config="true" duration-ms="104636" started-at="2020-04-07T00:55:08Z" finished-at="2020-04-07T00:56:53Z">
          <reporter-output>
          </reporter-output>
        </test-method> <!-- setUp -->
        <test-method status="PASS" signature="testBlogButtonText()[pri:0, instance:com.qa.PageTest.TestBlogPage@5e5792a0]" name="testBlogButtonText" duration-ms="18915" started-at="2020-04-07T00:56:53Z" finished-at="2020-04-07T00:57:11Z">
          <reporter-output>
          </reporter-output>
        </test-method> <!-- testBlogButtonText -->
        <test-method status="PASS" signature="tearDown()[pri:0, instance:com.qa.PageTest.TestBlogPage@5e5792a0]" name="tearDown" is-config="true" duration-ms="4232" started-at="2020-04-07T00:57:11Z" finished-at="2020-04-07T00:57:16Z">
          <reporter-output>
          </reporter-output>
        </test-method> <!-- tearDown -->
        <test-method status="PASS" signature="setUp()[pri:0, instance:com.qa.PageTest.TestBlogPage@5e5792a0]" name="setUp" is-config="true" duration-ms="51484" started-at="2020-04-07T00:57:16Z" finished-at="2020-04-07T00:58:07Z">
          <reporter-output>
          </reporter-output>
        </test-method> <!-- setUp -->
        <test-method status="PASS" signature="testReadBlogUrl()[pri:0, instance:com.qa.PageTest.TestBlogPage@5e5792a0]" name="testReadBlogUrl" duration-ms="10464" started-at="2020-04-07T00:58:07Z" finished-at="2020-04-07T00:58:18Z">
          <reporter-output>
          </reporter-output>
        </test-method> <!-- testReadBlogUrl -->
        <test-method status="PASS" signature="tearDown()[pri:0, instance:com.qa.PageTest.TestBlogPage@5e5792a0]" name="tearDown" is-config="true" duration-ms="921" started-at="2020-04-07T00:58:18Z" finished-at="2020-04-07T00:58:19Z">
          <reporter-output>
          </reporter-output>
        </test-method> <!-- tearDown -->
        <test-method status="PASS" signature="setUp()[pri:0, instance:com.qa.PageTest.TestBlogPage@5e5792a0]" name="setUp" is-config="true" duration-ms="51508" started-at="2020-04-07T00:58:19Z" finished-at="2020-04-07T00:59:10Z">
          <reporter-output>
          </reporter-output>
        </test-method> <!-- setUp -->
        <test-method status="PASS" signature="testTitleText()[pri:0, instance:com.qa.PageTest.TestBlogPage@5e5792a0]" name="testTitleText" duration-ms="38912" started-at="2020-04-07T00:59:10Z" finished-at="2020-04-07T00:59:49Z">
          <reporter-output>
          </reporter-output>
        </test-method> <!-- testTitleText -->
        <test-method status="PASS" signature="tearDown()[pri:0, instance:com.qa.PageTest.TestBlogPage@5e5792a0]" name="tearDown" is-config="true" duration-ms="2433" started-at="2020-04-07T00:59:49Z" finished-at="2020-04-07T00:59:51Z">
          <reporter-output>
          </reporter-output>
        </test-method> <!-- tearDown -->
        <test-method status="PASS" signature="closeExtentReport()[pri:0, instance:com.qa.PageTest.TestBlogPage@5e5792a0]" name="closeExtentReport" is-config="true" duration-ms="1" started-at="2020-04-07T00:59:51Z" finished-at="2020-04-07T00:59:51Z">
          <reporter-output>
          </reporter-output>
        </test-method> <!-- closeExtentReport -->
      </class> <!-- com.qa.PageTest.TestBlogPage -->
    </test> <!-- BaseTest -->
  </suite> <!-- softwaretestingmaterial -->
</testng-results>
