<?xml version="1.0" encoding="UTF-8"?>
<!-- Generated by org.testng.reporters.JUnitXMLReporter -->
<testsuite hostname="Subhojit" ignored="0" name="BaseTest" tests="3" failures="0" timestamp="07 Apr 2020 00:59:52 GMT" time="283.619" errors="0">
  <testcase name="testBlogButtonText" time="18.915" classname="com.qa.PageTest.TestBlogPage"/>
  <testcase name="testReadBlogUrl" time="10.464" classname="com.qa.PageTest.TestBlogPage"/>
  <testcase name="testTitleText" time="38.912" classname="com.qa.PageTest.TestBlogPage"/>
</testsuite> <!-- BaseTest -->
