<?xml version="1.0" encoding="UTF-8"?>
<!-- Generated by org.testng.reporters.JUnitXMLReporter -->
<testsuite hostname="Subhojit" ignored="0" name="BaseTest" tests="2" failures="1" timestamp="07 Apr 2020 00:43:39 GMT" time="153.22" errors="0">
  <testcase name="testBlogButtonText" time="1.976" classname="com.qa.PageTest.TestBlogPage">
    <failure type="java.lang.AssertionError" message="expected [blog] but found [Blog]">
      <![CDATA[java.lang.AssertionError: expected [blog] but found [Blog]
at com.qa.PageTest.TestBlogPage.testBlogButtonText(TestBlogPage.java:22)
... Removed 31 stack frames]]>
    </failure>
  </testcase> <!-- testBlogButtonText -->
  <testcase name="testTitleText" time="0.673" classname="com.qa.PageTest.TestBlogPage"/>
</testsuite> <!-- BaseTest -->
